
【2017-06-30 15:48:06】
==================================
参赛单位:宝贝
参赛作品名称:发过火
联系人电话:13618075393
联系人姓名:现金价值
邮箱:继续小姐@qq.com
通讯地址:大家好

【2017-06-30 15:54:17】
==================================
参赛单位:宝贝
参赛作品名称:发过火
联系人电话:13618075393
联系人姓名:现金价值
邮箱:继续小姐@qq.com
通讯地址:大家好

【2017-06-30 15:58:14】
==================================
参赛单位:宝贝
参赛作品名称:发过火
联系人电话:13618075393
联系人姓名:现金价值
邮箱:继续小姐@qq.com
通讯地址:大家好

【2017-06-30 15:58:23】
==================================
参赛单位:宝贝
参赛作品名称:发过火
联系人电话:13618075393
联系人姓名:现金价值
邮箱:继续小姐@qq.com
通讯地址:大家好

【2017-06-30 15:59:06】
==================================
参赛单位:宝贝
参赛作品名称:发过火
联系人电话:13618075393
联系人姓名:现金价值
邮箱:继续小姐@qq.com
通讯地址:大家好

【2017-06-30 16:02:30】
==================================
参赛单位:宝贝
参赛作品名称:发过火
联系人电话:13618075393
联系人姓名:现金价值
邮箱:继续小姐@qq.com
通讯地址:大家好

【2017-06-30 16:03:06】
==================================
参赛单位:宝贝
参赛作品名称:发过火
联系人电话:13618075393
联系人姓名:现金价值
邮箱:继续小姐@qq.com
通讯地址:大家好

【2017-06-30 16:03:12】
==================================
参赛单位:宝贝
参赛作品名称:发过火
联系人电话:13618075393
联系人姓名:现金价值
邮箱:继续小姐@qq.com
通讯地址:大家好

【2017-06-30 16:13:41】
==================================
参赛单位:宝贝
参赛作品名称:发过火
联系人电话:13618075393
联系人姓名:现金价值
邮箱:继续小姐@qq.com
通讯地址:大家好

【2017-07-12 16:03:08】
==================================
参赛单位:计算机时候
参赛作品名称:好多好多话
联系人电话:13664848488
联系人姓名:好多好多话好吧
邮箱:不对不@163.com
通讯地址:很喜欢喜欢
